{"C:\\Users\\tomas\\programacion\\actividad7\\src\\app.ts": {"path":"C:\\Users\\tomas\\programacion\\actividad7\\src\\app.ts","statementMap":{"0":{"start":{"line":2,"column":0},"end":{"line":2,"column":30}},"1":{"start":{"line":3,"column":0},"end":{"line":3,"column":28}},"2":{"start":{"line":7,"column":0},"end":{"line":7,"column":16}},"3":{"start":{"line":9,"column":12},"end":{"line":9,"column":21}},"4":{"start":{"line":27,"column":9},"end":{"line":27,"column":12}},"5":{"start":{"line":11,"column":0},"end":{"line":11,"column":24}},"6":{"start":{"line":14,"column":0},"end":{"line":14,"column":70}},"7":{"start":{"line":15,"column":0},"end":{"line":15,"column":85}},"8":{"start":{"line":16,"column":0},"end":{"line":16,"column":74}},"9":{"start":{"line":17,"column":0},"end":{"line":17,"column":68}},"10":{"start":{"line":18,"column":0},"end":{"line":18,"column":31}},"11":{"start":{"line":19,"column":0},"end":{"line":19,"column":null}},"12":{"start":{"line":20,"column":0},"end":{"line":20,"column":null}},"13":{"start":{"line":21,"column":0},"end":{"line":21,"column":null}},"14":{"start":{"line":22,"column":0},"end":{"line":24,"column":3}},"15":{"start":{"line":23,"column":2},"end":{"line":23,"column":50}}},"fnMap":{"0":{"name":"(anonymous_1)","decl":{"start":{"line":22,"column":13},"end":{"line":22,"column":14}},"loc":{"start":{"line":22,"column":71},"end":{"line":24,"column":1}}}},"branchMap":{},"s":{"0":3,"1":3,"2":3,"3":3,"4":3,"5":3,"6":3,"7":3,"8":3,"9":3,"10":3,"11":3,"12":3,"13":3,"14":3,"15":1},"f":{"0":1},"b":{}}
,"C:\\Users\\tomas\\programacion\\actividad7\\src\\cart\\application\\cart.usecases.ts": {"path":"C:\\Users\\tomas\\programacion\\actividad7\\src\\cart\\application\\cart.usecases.ts","statementMap":{"0":{"start":{"line":14,"column":8},"end":{"line":14,"column":45}},"1":{"start":{"line":15,"column":8},"end":{"line":15,"column":55}},"2":{"start":{"line":19,"column":34},"end":{"line":19,"column":36}},"3":{"start":{"line":20,"column":8},"end":{"line":32,"column":null}},"4":{"start":{"line":21,"column":35},"end":{"line":21,"column":72}},"5":{"start":{"line":23,"column":12},"end":{"line":29,"column":null}},"6":{"start":{"line":24,"column":49},"end":{"line":24,"column":106}},"7":{"start":{"line":25,"column":16},"end":{"line":28,"column":null}},"8":{"start":{"line":31,"column":12},"end":{"line":31,"column":null}},"9":{"start":{"line":33,"column":27},"end":{"line":36,"column":null}},"10":{"start":{"line":37,"column":8},"end":{"line":37,"column":20}},"11":{"start":{"line":40,"column":8},"end":{"line":45,"column":null}},"12":{"start":{"line":41,"column":12},"end":{"line":41,"column":74}},"13":{"start":{"line":44,"column":12},"end":{"line":44,"column":31}},"14":{"start":{"line":46,"column":8},"end":{"line":46,"column":null}},"15":{"start":{"line":52,"column":8},"end":{"line":56,"column":null}},"16":{"start":{"line":53,"column":12},"end":{"line":53,"column":69}},"17":{"start":{"line":55,"column":12},"end":{"line":55,"column":31}},"18":{"start":{"line":57,"column":8},"end":{"line":57,"column":36}},"19":{"start":{"line":61,"column":8},"end":{"line":65,"column":null}},"20":{"start":{"line":62,"column":12},"end":{"line":62,"column":57}},"21":{"start":{"line":64,"column":12},"end":{"line":64,"column":31}},"22":{"start":{"line":9,"column":0},"end":{"line":9,"column":21}}},"fnMap":{"0":{"name":"(anonymous_7)","decl":{"start":{"line":13,"column":4},"end":{"line":13,"column":16}},"loc":{"start":{"line":13,"column":89},"end":{"line":16,"column":5}}},"1":{"name":"(anonymous_8)","decl":{"start":{"line":18,"column":10},"end":{"line":18,"column":17}},"loc":{"start":{"line":18,"column":28},"end":{"line":38,"column":null}}},"2":{"name":"(anonymous_10)","decl":{"start":{"line":39,"column":10},"end":{"line":39,"column":19}},"loc":{"start":{"line":39,"column":68},"end":{"line":47,"column":null}}},"3":{"name":"(anonymous_12)","decl":{"start":{"line":50,"column":10},"end":{"line":50,"column":24}},"loc":{"start":{"line":50,"column":55},"end":{"line":58,"column":null}}},"4":{"name":"(anonymous_14)","decl":{"start":{"line":60,"column":10},"end":{"line":60,"column":20}},"loc":{"start":{"line":60,"column":35},"end":{"line":66,"column":null}}}},"branchMap":{},"s":{"0":3,"1":3,"2":0,"3":0,"4":0,"5":0,"6":0,"7":0,"8":0,"9":0,"10":0,"11":0,"12":0,"13":0,"14":0,"15":0,"16":0,"17":0,"18":0,"19":0,"20":0,"21":0,"22":3},"f":{"0":3,"1":0,"2":0,"3":0,"4":0},"b":{}}
,"C:\\Users\\tomas\\programacion\\actividad7\\src\\cart\\infrastructure\\db\\cart.repository.postgres.ts": {"path":"C:\\Users\\tomas\\programacion\\actividad7\\src\\cart\\infrastructure\\db\\cart.repository.postgres.ts","statementMap":{"0":{"start":{"line":3,"column":0},"end":{"line":3,"column":68}},"1":{"start":{"line":9,"column":30},"end":{"line":9,"column":32}},"2":{"start":{"line":10,"column":8},"end":{"line":25,"column":null}},"3":{"start":{"line":11,"column":34},"end":{"line":11,"column":118}},"4":{"start":{"line":13,"column":12},"end":{"line":20,"column":null}},"5":{"start":{"line":14,"column":16},"end":{"line":19,"column":null}},"6":{"start":{"line":21,"column":12},"end":{"line":21,"column":25}},"7":{"start":{"line":24,"column":12},"end":{"line":24,"column":31}},"8":{"start":{"line":26,"column":8},"end":{"line":26,"column":null}},"9":{"start":{"line":27,"column":8},"end":{"line":27,"column":27}},"10":{"start":{"line":28,"column":8},"end":{"line":28,"column":21}},"11":{"start":{"line":32,"column":28},"end":{"line":32,"column":30}},"12":{"start":{"line":33,"column":8},"end":{"line":39,"column":null}},"13":{"start":{"line":34,"column":12},"end":{"line":34,"column":null}},"14":{"start":{"line":36,"column":12},"end":{"line":36,"column":47}},"15":{"start":{"line":38,"column":12},"end":{"line":38,"column":31}},"16":{"start":{"line":40,"column":8},"end":{"line":40,"column":21}},"17":{"start":{"line":44,"column":28},"end":{"line":44,"column":30}},"18":{"start":{"line":45,"column":8},"end":{"line":50,"column":null}},"19":{"start":{"line":46,"column":12},"end":{"line":46,"column":104}},"20":{"start":{"line":47,"column":12},"end":{"line":47,"column":47}},"21":{"start":{"line":49,"column":12},"end":{"line":49,"column":null}},"22":{"start":{"line":51,"column":8},"end":{"line":51,"column":21}},"23":{"start":{"line":55,"column":8},"end":{"line":60,"column":null}},"24":{"start":{"line":56,"column":12},"end":{"line":56,"column":null}},"25":{"start":{"line":58,"column":12},"end":{"line":58,"column":null}},"26":{"start":{"line":59,"column":12},"end":{"line":59,"column":25}},"27":{"start":{"line":61,"column":8},"end":{"line":61,"column":20}},"28":{"start":{"line":6,"column":0},"end":{"line":6,"column":21}}},"fnMap":{"0":{"name":"(anonymous_8)","decl":{"start":{"line":8,"column":10},"end":{"line":8,"column":17}},"loc":{"start":{"line":8,"column":32},"end":{"line":30,"column":null}}},"1":{"name":"(anonymous_10)","decl":{"start":{"line":31,"column":10},"end":{"line":31,"column":19}},"loc":{"start":{"line":31,"column":68},"end":{"line":42,"column":null}}},"2":{"name":"(anonymous_12)","decl":{"start":{"line":43,"column":10},"end":{"line":43,"column":24}},"loc":{"start":{"line":43,"column":55},"end":{"line":53,"column":null}}},"3":{"name":"(anonymous_14)","decl":{"start":{"line":54,"column":10},"end":{"line":54,"column":20}},"loc":{"start":{"line":54,"column":35},"end":{"line":62,"column":null}}}},"branchMap":{},"s":{"0":3,"1":0,"2":0,"3":0,"4":0,"5":0,"6":0,"7":0,"8":0,"9":0,"10":0,"11":0,"12":0,"13":0,"14":0,"15":0,"16":0,"17":0,"18":0,"19":0,"20":0,"21":0,"22":0,"23":0,"24":0,"25":0,"26":0,"27":0,"28":3},"f":{"0":0,"1":0,"2":0,"3":0},"b":{}}
,"C:\\Users\\tomas\\programacion\\actividad7\\src\\cart\\infrastructure\\rest\\cart.router.ts": {"path":"C:\\Users\\tomas\\programacion\\actividad7\\src\\cart\\infrastructure\\rest\\cart.router.ts","statementMap":{"0":{"start":{"line":2,"column":0},"end":{"line":2,"column":68}},"1":{"start":{"line":3,"column":0},"end":{"line":3,"column":59}},"2":{"start":{"line":5,"column":0},"end":{"line":5,"column":52}},"3":{"start":{"line":6,"column":0},"end":{"line":6,"column":56}},"4":{"start":{"line":10,"column":0},"end":{"line":10,"column":114}},"5":{"start":{"line":14,"column":15},"end":{"line":14,"column":31}},"6":{"start":{"line":79,"column":19},"end":{"line":79,"column":29}},"7":{"start":{"line":16,"column":39},"end":{"line":16,"column":67}},"8":{"start":{"line":17,"column":50},"end":{"line":17,"column":84}},"9":{"start":{"line":18,"column":35},"end":{"line":18,"column":89}},"10":{"start":{"line":20,"column":0},"end":{"line":33,"column":null}},"11":{"start":{"line":20,"column":62},"end":{"line":33,"column":2}},"12":{"start":{"line":22,"column":4},"end":{"line":32,"column":null}},"13":{"start":{"line":24,"column":31},"end":{"line":24,"column":47}},"14":{"start":{"line":26,"column":27},"end":{"line":26,"column":61}},"15":{"start":{"line":28,"column":8},"end":{"line":28,"column":23}},"16":{"start":{"line":31,"column":8},"end":{"line":31,"column":27}},"17":{"start":{"line":35,"column":0},"end":{"line":51,"column":null}},"18":{"start":{"line":35,"column":70},"end":{"line":51,"column":2}},"19":{"start":{"line":36,"column":4},"end":{"line":50,"column":null}},"20":{"start":{"line":38,"column":31},"end":{"line":38,"column":47}},"21":{"start":{"line":39,"column":31},"end":{"line":39,"column":56}},"22":{"start":{"line":40,"column":33},"end":{"line":40,"column":59}},"23":{"start":{"line":42,"column":8},"end":{"line":42,"column":null}},"24":{"start":{"line":44,"column":27},"end":{"line":44,"column":81}},"25":{"start":{"line":46,"column":8},"end":{"line":46,"column":23}},"26":{"start":{"line":49,"column":8},"end":{"line":49,"column":27}},"27":{"start":{"line":53,"column":0},"end":{"line":64,"column":null}},"28":{"start":{"line":53,"column":69},"end":{"line":64,"column":2}},"29":{"start":{"line":54,"column":4},"end":{"line":63,"column":null}},"30":{"start":{"line":55,"column":31},"end":{"line":55,"column":47}},"31":{"start":{"line":56,"column":31},"end":{"line":56,"column":56}},"32":{"start":{"line":58,"column":27},"end":{"line":58,"column":76}},"33":{"start":{"line":60,"column":8},"end":{"line":60,"column":23}},"34":{"start":{"line":62,"column":8},"end":{"line":62,"column":27}},"35":{"start":{"line":66,"column":0},"end":{"line":77,"column":null}},"36":{"start":{"line":66,"column":65},"end":{"line":77,"column":2}},"37":{"start":{"line":68,"column":4},"end":{"line":76,"column":null}},"38":{"start":{"line":69,"column":31},"end":{"line":69,"column":47}},"39":{"start":{"line":71,"column":8},"end":{"line":71,"column":46}},"40":{"start":{"line":73,"column":8},"end":{"line":73,"column":28}},"41":{"start":{"line":75,"column":8},"end":{"line":75,"column":27}}},"fnMap":{"0":{"name":"(anonymous_8)","decl":{"start":{"line":20,"column":24},"end":{"line":20,"column":31}},"loc":{"start":{"line":20,"column":62},"end":{"line":33,"column":2}}},"1":{"name":"(anonymous_9)","decl":{"start":{"line":20,"column":62},"end":{"line":20,"column":null}},"loc":{"start":{"line":20,"column":62},"end":{"line":33,"column":1}}},"2":{"name":"(anonymous_10)","decl":{"start":{"line":35,"column":32},"end":{"line":35,"column":39}},"loc":{"start":{"line":35,"column":70},"end":{"line":51,"column":2}}},"3":{"name":"(anonymous_11)","decl":{"start":{"line":35,"column":70},"end":{"line":35,"column":null}},"loc":{"start":{"line":35,"column":70},"end":{"line":51,"column":1}}},"4":{"name":"(anonymous_12)","decl":{"start":{"line":53,"column":31},"end":{"line":53,"column":38}},"loc":{"start":{"line":53,"column":69},"end":{"line":64,"column":2}}},"5":{"name":"(anonymous_13)","decl":{"start":{"line":53,"column":69},"end":{"line":53,"column":null}},"loc":{"start":{"line":53,"column":69},"end":{"line":64,"column":1}}},"6":{"name":"(anonymous_14)","decl":{"start":{"line":66,"column":27},"end":{"line":66,"column":34}},"loc":{"start":{"line":66,"column":65},"end":{"line":77,"column":2}}},"7":{"name":"(anonymous_15)","decl":{"start":{"line":66,"column":65},"end":{"line":66,"column":null}},"loc":{"start":{"line":66,"column":65},"end":{"line":77,"column":1}}}},"branchMap":{},"s":{"0":3,"1":3,"2":3,"3":3,"4":3,"5":3,"6":3,"7":3,"8":3,"9":3,"10":3,"11":0,"12":0,"13":0,"14":0,"15":0,"16":0,"17":3,"18":0,"19":0,"20":0,"21":0,"22":0,"23":0,"24":0,"25":0,"26":0,"27":3,"28":0,"29":0,"30":0,"31":0,"32":0,"33":0,"34":0,"35":3,"36":0,"37":0,"38":0,"39":0,"40":0,"41":0},"f":{"0":0,"1":0,"2":0,"3":0,"4":0,"5":0,"6":0,"7":0},"b":{}}
,"C:\\Users\\tomas\\programacion\\actividad7\\src\\context\\db\\postgres.connector.ts": {"path":"C:\\Users\\tomas\\programacion\\actividad7\\src\\context\\db\\postgres.connector.ts","statementMap":{"0":{"start":{"line":1,"column":0},"end":{"line":1,"column":26}},"1":{"start":{"line":2,"column":0},"end":{"line":2,"column":27}},"2":{"start":{"line":3,"column":0},"end":{"line":3,"column":null}},"3":{"start":{"line":5,"column":15},"end":{"line":5,"column":40}},"4":{"start":{"line":6,"column":15},"end":{"line":6,"column":40}},"5":{"start":{"line":7,"column":19},"end":{"line":7,"column":48}},"6":{"start":{"line":8,"column":15},"end":{"line":8,"column":40}},"7":{"start":{"line":10,"column":13},"end":{"line":14,"column":2}},"8":{"start":{"line":17,"column":21},"end":{"line":22,"column":null}},"9":{"start":{"line":17,"column":40},"end":{"line":22,"column":null}},"10":{"start":{"line":18,"column":19},"end":{"line":18,"column":39}},"11":{"start":{"line":19,"column":19},"end":{"line":19,"column":42}},"12":{"start":{"line":20,"column":4},"end":{"line":20,"column":null}},"13":{"start":{"line":21,"column":4},"end":{"line":21,"column":null}},"14":{"start":{"line":24,"column":0},"end":{"line":24,"column":28}}},"fnMap":{"0":{"name":"(anonymous_8)","decl":{"start":{"line":17,"column":21},"end":{"line":17,"column":28}},"loc":{"start":{"line":17,"column":40},"end":{"line":22,"column":null}}},"1":{"name":"(anonymous_9)","decl":{"start":{"line":17,"column":40},"end":{"line":17,"column":null}},"loc":{"start":{"line":17,"column":40},"end":{"line":22,"column":1}}}},"branchMap":{},"s":{"0":3,"1":3,"2":3,"3":3,"4":3,"5":3,"6":3,"7":3,"8":3,"9":5,"10":5,"11":5,"12":5,"13":5,"14":3},"f":{"0":5,"1":5},"b":{}}
,"C:\\Users\\tomas\\programacion\\actividad7\\src\\context\\security\\auth.ts": {"path":"C:\\Users\\tomas\\programacion\\actividad7\\src\\context\\security\\auth.ts","statementMap":{"0":{"start":{"line":3,"column":0},"end":{"line":3,"column":55}},"1":{"start":{"line":6,"column":27},"end":{"line":6,"column":40}},"2":{"start":{"line":8,"column":20},"end":{"line":18,"column":1}},"3":{"start":{"line":9,"column":18},"end":{"line":16,"column":4}},"4":{"start":{"line":17,"column":2},"end":{"line":17,"column":64}},"5":{"start":{"line":48,"column":9},"end":{"line":48,"column":20}},"6":{"start":{"line":20,"column":15},"end":{"line":36,"column":1}},"7":{"start":{"line":21,"column":2},"end":{"line":35,"column":null}},"8":{"start":{"line":22,"column":23},"end":{"line":22,"column":51}},"9":{"start":{"line":23,"column":38},"end":{"line":23,"column":76}},"10":{"start":{"line":24,"column":4},"end":{"line":28,"column":null}},"11":{"start":{"line":25,"column":27},"end":{"line":25,"column":56}},"12":{"start":{"line":26,"column":6},"end":{"line":26,"column":35}},"13":{"start":{"line":27,"column":6},"end":{"line":27,"column":13}},"14":{"start":{"line":30,"column":4},"end":{"line":30,"column":23}},"15":{"start":{"line":31,"column":29},"end":{"line":33,"column":6}},"16":{"start":{"line":34,"column":4},"end":{"line":34,"column":39}},"17":{"start":{"line":48,"column":22},"end":{"line":48,"column":28}},"18":{"start":{"line":38,"column":16},"end":{"line":46,"column":1}},"19":{"start":{"line":39,"column":2},"end":{"line":45,"column":null}},"20":{"start":{"line":40,"column":4},"end":{"line":42,"column":null}},"21":{"start":{"line":41,"column":6},"end":{"line":41,"column":13}},"22":{"start":{"line":44,"column":4},"end":{"line":44,"column":23}},"23":{"start":{"line":48,"column":30},"end":{"line":48,"column":37}}},"fnMap":{"0":{"name":"(anonymous_1)","decl":{"start":{"line":8,"column":20},"end":{"line":8,"column":21}},"loc":{"start":{"line":8,"column":43},"end":{"line":18,"column":1}}},"1":{"name":"(anonymous_2)","decl":{"start":{"line":20,"column":15},"end":{"line":20,"column":16}},"loc":{"start":{"line":20,"column":72},"end":{"line":36,"column":1}}},"2":{"name":"(anonymous_3)","decl":{"start":{"line":38,"column":16},"end":{"line":38,"column":17}},"loc":{"start":{"line":38,"column":68},"end":{"line":46,"column":1}}}},"branchMap":{"0":{"loc":{"start":{"line":23,"column":38},"end":{"line":23,"column":76}},"type":"binary-expr","locations":[{"start":{"line":23,"column":38},"end":{"line":23,"column":48}},{"start":{"line":23,"column":52},"end":{"line":23,"column":76}}]},"1":{"loc":{"start":{"line":24,"column":4},"end":{"line":28,"column":null}},"type":"if","locations":[{"start":{"line":24,"column":4},"end":{"line":28,"column":null}}]},"2":{"loc":{"start":{"line":40,"column":4},"end":{"line":42,"column":null}},"type":"if","locations":[{"start":{"line":40,"column":4},"end":{"line":42,"column":null}}]},"3":{"loc":{"start":{"line":40,"column":8},"end":{"line":40,"column":59}},"type":"binary-expr","locations":[{"start":{"line":40,"column":8},"end":{"line":40,"column":26}},{"start":{"line":40,"column":30},"end":{"line":40,"column":59}}]}},"s":{"0":3,"1":3,"2":3,"3":2,"4":2,"5":3,"6":3,"7":2,"8":2,"9":2,"10":2,"11":2,"12":2,"13":2,"14":0,"15":0,"16":0,"17":3,"18":3,"19":1,"20":1,"21":1,"22":0,"23":3},"f":{"0":2,"1":2,"2":1},"b":{"0":[2,2],"1":[2],"2":[1],"3":[1,1]}}
,"C:\\Users\\tomas\\programacion\\actividad7\\src\\context\\security\\encrypter.ts": {"path":"C:\\Users\\tomas\\programacion\\actividad7\\src\\context\\security\\encrypter.ts","statementMap":{"0":{"start":{"line":1,"column":0},"end":{"line":1,"column":28}},"1":{"start":{"line":2,"column":19},"end":{"line":2,"column":21}},"2":{"start":{"line":4,"column":13},"end":{"line":6,"column":1}},"3":{"start":{"line":5,"column":2},"end":{"line":5,"column":51}},"4":{"start":{"line":12,"column":9},"end":{"line":12,"column":13}},"5":{"start":{"line":8,"column":16},"end":{"line":10,"column":1}},"6":{"start":{"line":9,"column":2},"end":{"line":9,"column":53}},"7":{"start":{"line":12,"column":15},"end":{"line":12,"column":22}}},"fnMap":{"0":{"name":"(anonymous_1)","decl":{"start":{"line":4,"column":13},"end":{"line":4,"column":14}},"loc":{"start":{"line":4,"column":38},"end":{"line":6,"column":1}}},"1":{"name":"(anonymous_2)","decl":{"start":{"line":8,"column":16},"end":{"line":8,"column":17}},"loc":{"start":{"line":8,"column":61},"end":{"line":10,"column":1}}}},"branchMap":{},"s":{"0":3,"1":3,"2":3,"3":0,"4":3,"5":3,"6":2,"7":3},"f":{"0":0,"1":2},"b":{}}
,"C:\\Users\\tomas\\programacion\\actividad7\\src\\orders\\application\\orders.usecases.ts": {"path":"C:\\Users\\tomas\\programacion\\actividad7\\src\\orders\\application\\orders.usecases.ts","statementMap":{"0":{"start":{"line":17,"column":8},"end":{"line":17,"column":47}},"1":{"start":{"line":18,"column":8},"end":{"line":18,"column":57}},"2":{"start":{"line":19,"column":8},"end":{"line":19,"column":45}},"3":{"start":{"line":23,"column":8},"end":{"line":53,"column":null}},"4":{"start":{"line":24,"column":38},"end":{"line":24,"column":82}},"5":{"start":{"line":25,"column":35},"end":{"line":27,"column":null}},"6":{"start":{"line":28,"column":44},"end":{"line":28,"column":46}},"7":{"start":{"line":30,"column":12},"end":{"line":48,"column":null}},"8":{"start":{"line":31,"column":51},"end":{"line":31,"column":53}},"9":{"start":{"line":32,"column":16},"end":{"line":39,"column":null}},"10":{"start":{"line":33,"column":20},"end":{"line":37,"column":null}},"11":{"start":{"line":40,"column":16},"end":{"line":46,"column":null}},"12":{"start":{"line":41,"column":45},"end":{"line":44,"column":null}},"13":{"start":{"line":45,"column":20},"end":{"line":45,"column":43}},"14":{"start":{"line":49,"column":12},"end":{"line":49,"column":39}},"15":{"start":{"line":50,"column":12},"end":{"line":50,"column":26}},"16":{"start":{"line":52,"column":12},"end":{"line":52,"column":null}},"17":{"start":{"line":54,"column":8},"end":{"line":54,"column":20}},"18":{"start":{"line":58,"column":8},"end":{"line":83,"column":null}},"19":{"start":{"line":60,"column":40},"end":{"line":60,"column":87}},"20":{"start":{"line":61,"column":47},"end":{"line":61,"column":49}},"21":{"start":{"line":63,"column":12},"end":{"line":79,"column":null}},"22":{"start":{"line":64,"column":16},"end":{"line":70,"column":null}},"23":{"start":{"line":65,"column":20},"end":{"line":69,"column":null}},"24":{"start":{"line":71,"column":16},"end":{"line":77,"column":null}},"25":{"start":{"line":72,"column":49},"end":{"line":75,"column":null}},"26":{"start":{"line":76,"column":20},"end":{"line":76,"column":37}},"27":{"start":{"line":82,"column":12},"end":{"line":82,"column":null}},"28":{"start":{"line":84,"column":8},"end":{"line":84,"column":20}},"29":{"start":{"line":88,"column":8},"end":{"line":103,"column":null}},"30":{"start":{"line":89,"column":12},"end":{"line":89,"column":66}},"31":{"start":{"line":90,"column":35},"end":{"line":96,"column":null}},"32":{"start":{"line":93,"column":24},"end":{"line":93,"column":null}},"33":{"start":{"line":97,"column":12},"end":{"line":97,"column":51}},"34":{"start":{"line":99,"column":12},"end":{"line":99,"column":26}},"35":{"start":{"line":102,"column":12},"end":{"line":102,"column":31}},"36":{"start":{"line":104,"column":8},"end":{"line":104,"column":20}},"37":{"start":{"line":11,"column":0},"end":{"line":11,"column":21}}},"fnMap":{"0":{"name":"(anonymous_7)","decl":{"start":{"line":16,"column":4},"end":{"line":16,"column":16}},"loc":{"start":{"line":16,"column":124},"end":{"line":20,"column":5}}},"1":{"name":"(anonymous_8)","decl":{"start":{"line":22,"column":10},"end":{"line":22,"column":19}},"loc":{"start":{"line":22,"column":34},"end":{"line":55,"column":null}}},"2":{"name":"(anonymous_10)","decl":{"start":{"line":57,"column":10},"end":{"line":57,"column":21}},"loc":{"start":{"line":57,"column":37},"end":{"line":85,"column":null}}},"3":{"name":"(anonymous_12)","decl":{"start":{"line":87,"column":10},"end":{"line":87,"column":21}},"loc":{"start":{"line":87,"column":50},"end":{"line":105,"column":null}}},"4":{"name":"(anonymous_14)","decl":{"start":{"line":92,"column":48},"end":{"line":92,"column":54}},"loc":{"start":{"line":92,"column":57},"end":{"line":94,"column":21}}}},"branchMap":{"0":{"loc":{"start":{"line":40,"column":16},"end":{"line":46,"column":null}},"type":"if","locations":[{"start":{"line":40,"column":16},"end":{"line":46,"column":null}}]},"1":{"loc":{"start":{"line":63,"column":12},"end":{"line":79,"column":null}},"type":"if","locations":[{"start":{"line":63,"column":12},"end":{"line":79,"column":null}}]},"2":{"loc":{"start":{"line":71,"column":16},"end":{"line":77,"column":null}},"type":"if","locations":[{"start":{"line":71,"column":16},"end":{"line":77,"column":null}}]},"3":{"loc":{"start":{"line":93,"column":31},"end":{"line":93,"column":45}},"type":"cond-expr","locations":[{"start":{"line":93,"column":37},"end":{"line":93,"column":39}},{"start":{"line":93,"column":31},"end":{"line":93,"column":45}}]},"4":{"loc":{"start":{"line":93,"column":31},"end":{"line":93,"column":39}},"type":"binary-expr","locations":[{"start":{"line":93,"column":31},"end":{"line":93,"column":39}},{"start":{"line":93,"column":31},"end":{"line":93,"column":39}}]}},"s":{"0":3,"1":3,"2":3,"3":0,"4":0,"5":0,"6":0,"7":0,"8":0,"9":0,"10":0,"11":0,"12":0,"13":0,"14":0,"15":0,"16":0,"17":0,"18":0,"19":0,"20":0,"21":0,"22":0,"23":0,"24":0,"25":0,"26":0,"27":0,"28":0,"29":0,"30":0,"31":0,"32":0,"33":0,"34":0,"35":0,"36":0,"37":3},"f":{"0":3,"1":0,"2":0,"3":0,"4":0},"b":{"0":[0],"1":[0],"2":[0],"3":[0,0],"4":[0,0]}}
,"C:\\Users\\tomas\\programacion\\actividad7\\src\\orders\\infrastructure\\db\\orders.repository.postgres.ts": {"path":"C:\\Users\\tomas\\programacion\\actividad7\\src\\orders\\infrastructure\\db\\orders.repository.postgres.ts","statementMap":{"0":{"start":{"line":4,"column":0},"end":{"line":4,"column":68}},"1":{"start":{"line":9,"column":32},"end":{"line":9,"column":34}},"2":{"start":{"line":10,"column":8},"end":{"line":33,"column":null}},"3":{"start":{"line":11,"column":36},"end":{"line":11,"column":103}},"4":{"start":{"line":13,"column":12},"end":{"line":30,"column":null}},"5":{"start":{"line":15,"column":39},"end":{"line":15,"column":115}},"6":{"start":{"line":16,"column":38},"end":{"line":16,"column":40}},"7":{"start":{"line":17,"column":16},"end":{"line":23,"column":null}},"8":{"start":{"line":18,"column":20},"end":{"line":22,"column":null}},"9":{"start":{"line":24,"column":37},"end":{"line":27,"column":null}},"10":{"start":{"line":28,"column":16},"end":{"line":28,"column":35}},"11":{"start":{"line":32,"column":12},"end":{"line":32,"column":null}},"12":{"start":{"line":34,"column":8},"end":{"line":34,"column":22}},"13":{"start":{"line":38,"column":8},"end":{"line":56,"column":null}},"14":{"start":{"line":39,"column":35},"end":{"line":39,"column":110}},"15":{"start":{"line":40,"column":34},"end":{"line":40,"column":36}},"16":{"start":{"line":41,"column":12},"end":{"line":47,"column":null}},"17":{"start":{"line":42,"column":16},"end":{"line":46,"column":19}},"18":{"start":{"line":48,"column":26},"end":{"line":51,"column":null}},"19":{"start":{"line":53,"column":12},"end":{"line":53,"column":null}},"20":{"start":{"line":55,"column":12},"end":{"line":55,"column":null}},"21":{"start":{"line":57,"column":8},"end":{"line":57,"column":20}},"22":{"start":{"line":62,"column":8},"end":{"line":72,"column":null}},"23":{"start":{"line":63,"column":35},"end":{"line":63,"column":116}},"24":{"start":{"line":64,"column":12},"end":{"line":64,"column":63}},"25":{"start":{"line":65,"column":23},"end":{"line":65,"column":44}},"26":{"start":{"line":66,"column":12},"end":{"line":66,"column":null}},"27":{"start":{"line":66,"column":45},"end":{"line":66,"column":164}},"28":{"start":{"line":66,"column":46},"end":{"line":66,"column":164}},"29":{"start":{"line":68,"column":12},"end":{"line":68,"column":42}},"30":{"start":{"line":71,"column":12},"end":{"line":71,"column":null}},"31":{"start":{"line":73,"column":8},"end":{"line":73,"column":20}},"32":{"start":{"line":7,"column":0},"end":{"line":7,"column":21}}},"fnMap":{"0":{"name":"(anonymous_8)","decl":{"start":{"line":8,"column":10},"end":{"line":8,"column":19}},"loc":{"start":{"line":8,"column":34},"end":{"line":35,"column":null}}},"1":{"name":"(anonymous_10)","decl":{"start":{"line":36,"column":10},"end":{"line":36,"column":21}},"loc":{"start":{"line":36,"column":37},"end":{"line":59,"column":null}}},"2":{"name":"(anonymous_12)","decl":{"start":{"line":60,"column":10},"end":{"line":60,"column":21}},"loc":{"start":{"line":60,"column":50},"end":{"line":74,"column":null}}},"3":{"name":"(anonymous_14)","decl":{"start":{"line":66,"column":32},"end":{"line":66,"column":38}},"loc":{"start":{"line":66,"column":45},"end":{"line":66,"column":164}}},"4":{"name":"(anonymous_15)","decl":{"start":{"line":66,"column":45},"end":{"line":66,"column":46}},"loc":{"start":{"line":66,"column":45},"end":{"line":66,"column":164}}}},"branchMap":{},"s":{"0":3,"1":0,"2":0,"3":0,"4":0,"5":0,"6":0,"7":0,"8":0,"9":0,"10":0,"11":0,"12":0,"13":0,"14":0,"15":0,"16":0,"17":0,"18":0,"19":0,"20":0,"21":0,"22":0,"23":0,"24":0,"25":0,"26":0,"27":0,"28":0,"29":0,"30":0,"31":0,"32":3},"f":{"0":0,"1":0,"2":0,"3":0,"4":0},"b":{}}
,"C:\\Users\\tomas\\programacion\\actividad7\\src\\orders\\infrastructure\\rest\\orders.router.ts": {"path":"C:\\Users\\tomas\\programacion\\actividad7\\src\\orders\\infrastructure\\rest\\orders.router.ts","statementMap":{"0":{"start":{"line":1,"column":0},"end":{"line":1,"column":52}},"1":{"start":{"line":3,"column":0},"end":{"line":3,"column":112}},"2":{"start":{"line":5,"column":0},"end":{"line":5,"column":94}},"3":{"start":{"line":7,"column":0},"end":{"line":7,"column":71}},"4":{"start":{"line":8,"column":0},"end":{"line":8,"column":65}},"5":{"start":{"line":9,"column":0},"end":{"line":9,"column":56}},"6":{"start":{"line":14,"column":41},"end":{"line":14,"column":70}},"7":{"start":{"line":15,"column":51},"end":{"line":15,"column":85}},"8":{"start":{"line":16,"column":39},"end":{"line":16,"column":67}},"9":{"start":{"line":18,"column":39},"end":{"line":18,"column":112}},"10":{"start":{"line":20,"column":15},"end":{"line":20,"column":31}},"11":{"start":{"line":50,"column":19},"end":{"line":50,"column":31}},"12":{"start":{"line":22,"column":0},"end":{"line":29,"column":null}},"13":{"start":{"line":22,"column":62},"end":{"line":29,"column":2}},"14":{"start":{"line":23,"column":4},"end":{"line":28,"column":null}},"15":{"start":{"line":24,"column":38},"end":{"line":24,"column":86}},"16":{"start":{"line":25,"column":8},"end":{"line":25,"column":null}},"17":{"start":{"line":27,"column":8},"end":{"line":27,"column":27}},"18":{"start":{"line":31,"column":0},"end":{"line":38,"column":null}},"19":{"start":{"line":31,"column":57},"end":{"line":38,"column":2}},"20":{"start":{"line":32,"column":4},"end":{"line":37,"column":null}},"21":{"start":{"line":33,"column":40},"end":{"line":33,"column":95}},"22":{"start":{"line":34,"column":8},"end":{"line":34,"column":24}},"23":{"start":{"line":36,"column":8},"end":{"line":36,"column":null}},"24":{"start":{"line":40,"column":0},"end":{"line":48,"column":null}},"25":{"start":{"line":40,"column":63},"end":{"line":48,"column":2}},"26":{"start":{"line":41,"column":4},"end":{"line":47,"column":null}},"27":{"start":{"line":42,"column":8},"end":{"line":42,"column":null}},"28":{"start":{"line":43,"column":38},"end":{"line":43,"column":104}},"29":{"start":{"line":44,"column":8},"end":{"line":44,"column":25}},"30":{"start":{"line":46,"column":8},"end":{"line":46,"column":null}}},"fnMap":{"0":{"name":"(anonymous_8)","decl":{"start":{"line":22,"column":24},"end":{"line":22,"column":31}},"loc":{"start":{"line":22,"column":62},"end":{"line":29,"column":2}}},"1":{"name":"(anonymous_9)","decl":{"start":{"line":22,"column":62},"end":{"line":22,"column":null}},"loc":{"start":{"line":22,"column":62},"end":{"line":29,"column":1}}},"2":{"name":"(anonymous_10)","decl":{"start":{"line":31,"column":19},"end":{"line":31,"column":26}},"loc":{"start":{"line":31,"column":57},"end":{"line":38,"column":2}}},"3":{"name":"(anonymous_11)","decl":{"start":{"line":31,"column":57},"end":{"line":31,"column":null}},"loc":{"start":{"line":31,"column":57},"end":{"line":38,"column":1}}},"4":{"name":"(anonymous_12)","decl":{"start":{"line":40,"column":25},"end":{"line":40,"column":32}},"loc":{"start":{"line":40,"column":63},"end":{"line":48,"column":2}}},"5":{"name":"(anonymous_13)","decl":{"start":{"line":40,"column":63},"end":{"line":40,"column":null}},"loc":{"start":{"line":40,"column":63},"end":{"line":48,"column":1}}}},"branchMap":{},"s":{"0":3,"1":3,"2":3,"3":3,"4":3,"5":3,"6":3,"7":3,"8":3,"9":3,"10":3,"11":3,"12":3,"13":0,"14":0,"15":0,"16":0,"17":0,"18":3,"19":0,"20":0,"21":0,"22":0,"23":0,"24":3,"25":0,"26":0,"27":0,"28":0,"29":0,"30":0},"f":{"0":0,"1":0,"2":0,"3":0,"4":0,"5":0},"b":{}}
,"C:\\Users\\tomas\\programacion\\actividad7\\src\\users\\application\\users.usecases.ts": {"path":"C:\\Users\\tomas\\programacion\\actividad7\\src\\users\\application\\users.usecases.ts","statementMap":{"0":{"start":{"line":2,"column":0},"end":{"line":2,"column":58}},"1":{"start":{"line":11,"column":4},"end":{"line":11,"column":43}},"2":{"start":{"line":15,"column":4},"end":{"line":18,"column":null}},"3":{"start":{"line":16,"column":33},"end":{"line":16,"column":76}},"4":{"start":{"line":17,"column":6},"end":{"line":17,"column":26}},"5":{"start":{"line":19,"column":4},"end":{"line":19,"column":16}},"6":{"start":{"line":24,"column":4},"end":{"line":24,"column":46}},"7":{"start":{"line":28,"column":4},"end":{"line":28,"column":47}},"8":{"start":{"line":32,"column":4},"end":{"line":32,"column":44}},"9":{"start":{"line":36,"column":23},"end":{"line":41,"column":6}},"10":{"start":{"line":42,"column":4},"end":{"line":42,"column":16}},"11":{"start":{"line":7,"column":0},"end":{"line":7,"column":21}}},"fnMap":{"0":{"name":"(anonymous_7)","decl":{"start":{"line":10,"column":2},"end":{"line":10,"column":14}},"loc":{"start":{"line":10,"column":46},"end":{"line":12,"column":3}}},"1":{"name":"(anonymous_8)","decl":{"start":{"line":14,"column":8},"end":{"line":14,"column":15}},"loc":{"start":{"line":14,"column":26},"end":{"line":21,"column":null}}},"2":{"name":"(anonymous_10)","decl":{"start":{"line":23,"column":2},"end":{"line":23,"column":13}},"loc":{"start":{"line":23,"column":13},"end":{"line":25,"column":3}}},"3":{"name":"(anonymous_11)","decl":{"start":{"line":27,"column":2},"end":{"line":27,"column":10}},"loc":{"start":{"line":27,"column":21},"end":{"line":29,"column":3}}},"4":{"name":"(anonymous_12)","decl":{"start":{"line":31,"column":2},"end":{"line":31,"column":7}},"loc":{"start":{"line":31,"column":18},"end":{"line":33,"column":3}}},"5":{"name":"(anonymous_13)","decl":{"start":{"line":35,"column":2},"end":{"line":35,"column":13}},"loc":{"start":{"line":35,"column":24},"end":{"line":43,"column":3}}}},"branchMap":{"0":{"loc":{"start":{"line":15,"column":4},"end":{"line":18,"column":null}},"type":"if","locations":[{"start":{"line":15,"column":4},"end":{"line":18,"column":null}}]}},"s":{"0":3,"1":3,"2":1,"3":1,"4":1,"5":0,"6":1,"7":0,"8":2,"9":2,"10":2,"11":3},"f":{"0":3,"1":1,"2":1,"3":0,"4":2,"5":2},"b":{"0":[1]}}
,"C:\\Users\\tomas\\programacion\\actividad7\\src\\users\\infrastructure\\db\\users.repository.postgres.ts": {"path":"C:\\Users\\tomas\\programacion\\actividad7\\src\\users\\infrastructure\\db\\users.repository.postgres.ts","statementMap":{"0":{"start":{"line":5,"column":0},"end":{"line":5,"column":66}},"1":{"start":{"line":6,"column":0},"end":{"line":6,"column":68}},"2":{"start":{"line":11,"column":30},"end":{"line":11,"column":103}},"3":{"start":{"line":13,"column":27},"end":{"line":17,"column":null}},"4":{"start":{"line":19,"column":8},"end":{"line":19,"column":20}},"5":{"start":{"line":22,"column":31},"end":{"line":22,"column":85}},"6":{"start":{"line":23,"column":30},"end":{"line":23,"column":32}},"7":{"start":{"line":25,"column":8},"end":{"line":33,"column":null}},"8":{"start":{"line":26,"column":12},"end":{"line":30,"column":null}},"9":{"start":{"line":34,"column":8},"end":{"line":34,"column":21}},"10":{"start":{"line":38,"column":8},"end":{"line":50,"column":null}},"11":{"start":{"line":39,"column":12},"end":{"line":48,"column":null}},"12":{"start":{"line":40,"column":28},"end":{"line":40,"column":133}},"13":{"start":{"line":42,"column":41},"end":{"line":44,"column":null}},"14":{"start":{"line":45,"column":16},"end":{"line":45,"column":31}},"15":{"start":{"line":47,"column":16},"end":{"line":47,"column":35}},"16":{"start":{"line":51,"column":33},"end":{"line":53,"column":null}},"17":{"start":{"line":54,"column":8},"end":{"line":54,"column":23}},"18":{"start":{"line":57,"column":8},"end":{"line":68,"column":null}},"19":{"start":{"line":58,"column":34},"end":{"line":58,"column":103}},"20":{"start":{"line":59,"column":27},"end":{"line":59,"column":36}},"21":{"start":{"line":60,"column":12},"end":{"line":67,"column":null}},"22":{"start":{"line":61,"column":36},"end":{"line":65,"column":null}},"23":{"start":{"line":66,"column":16},"end":{"line":66,"column":29}},"24":{"start":{"line":69,"column":8},"end":{"line":71,"column":null}},"25":{"start":{"line":9,"column":0},"end":{"line":9,"column":21}}},"fnMap":{"0":{"name":"(anonymous_8)","decl":{"start":{"line":10,"column":10},"end":{"line":10,"column":17}},"loc":{"start":{"line":10,"column":32},"end":{"line":20,"column":null}}},"1":{"name":"(anonymous_10)","decl":{"start":{"line":21,"column":10},"end":{"line":21,"column":21}},"loc":{"start":{"line":21,"column":21},"end":{"line":36,"column":null}}},"2":{"name":"(anonymous_12)","decl":{"start":{"line":25,"column":24},"end":{"line":25,"column":30}},"loc":{"start":{"line":25,"column":33},"end":{"line":33,"column":9}}},"3":{"name":"(anonymous_13)","decl":{"start":{"line":37,"column":10},"end":{"line":37,"column":18}},"loc":{"start":{"line":37,"column":29},"end":{"line":55,"column":null}}},"4":{"name":"(anonymous_15)","decl":{"start":{"line":56,"column":10},"end":{"line":56,"column":15}},"loc":{"start":{"line":56,"column":26},"end":{"line":72,"column":null}}}},"branchMap":{"0":{"loc":{"start":{"line":38,"column":8},"end":{"line":50,"column":null}},"type":"if","locations":[{"start":{"line":38,"column":8},"end":{"line":50,"column":null}}]},"1":{"loc":{"start":{"line":38,"column":12},"end":{"line":38,"column":38}},"type":"binary-expr","locations":[{"start":{"line":38,"column":12},"end":{"line":38,"column":21}},{"start":{"line":38,"column":25},"end":{"line":38,"column":38}}]},"2":{"loc":{"start":{"line":57,"column":8},"end":{"line":68,"column":null}},"type":"if","locations":[{"start":{"line":57,"column":8},"end":{"line":68,"column":null}}]},"3":{"loc":{"start":{"line":57,"column":12},"end":{"line":57,"column":38}},"type":"binary-expr","locations":[{"start":{"line":57,"column":12},"end":{"line":57,"column":21}},{"start":{"line":57,"column":25},"end":{"line":57,"column":38}}]},"4":{"loc":{"start":{"line":60,"column":12},"end":{"line":67,"column":null}},"type":"if","locations":[{"start":{"line":60,"column":12},"end":{"line":67,"column":null}}]},"5":{"loc":{"start":{"line":60,"column":16},"end":{"line":60,"column":65}},"type":"binary-expr","locations":[{"start":{"line":60,"column":16},"end":{"line":60,"column":22}},{"start":{"line":60,"column":26},"end":{"line":60,"column":65}}]}},"s":{"0":3,"1":3,"2":1,"3":1,"4":1,"5":1,"6":1,"7":1,"8":2,"9":1,"10":0,"11":0,"12":0,"13":0,"14":0,"15":0,"16":0,"17":0,"18":2,"19":2,"20":2,"21":2,"22":2,"23":2,"24":0,"25":3},"f":{"0":1,"1":1,"2":2,"3":0,"4":2},"b":{"0":[0],"1":[0,0],"2":[2],"3":[2,2],"4":[2],"5":[2,2]}}
,"C:\\Users\\tomas\\programacion\\actividad7\\src\\users\\infrastructure\\rest\\users.router.ts": {"path":"C:\\Users\\tomas\\programacion\\actividad7\\src\\users\\infrastructure\\rest\\users.router.ts","statementMap":{"0":{"start":{"line":1,"column":0},"end":{"line":1,"column":53}},"1":{"start":{"line":2,"column":15},"end":{"line":2,"column":31}},"2":{"start":{"line":89,"column":19},"end":{"line":89,"column":30}},"3":{"start":{"line":4,"column":0},"end":{"line":4,"column":61}},"4":{"start":{"line":6,"column":0},"end":{"line":6,"column":70}},"5":{"start":{"line":11,"column":0},"end":{"line":11,"column":65}},"6":{"start":{"line":13,"column":41},"end":{"line":13,"column":70}},"7":{"start":{"line":14,"column":37},"end":{"line":14,"column":71}},"8":{"start":{"line":16,"column":0},"end":{"line":29,"column":null}},"9":{"start":{"line":16,"column":62},"end":{"line":29,"column":2}},"10":{"start":{"line":17,"column":4},"end":{"line":28,"column":null}},"11":{"start":{"line":19,"column":27},"end":{"line":19,"column":40}},"12":{"start":{"line":20,"column":8},"end":{"line":20,"column":26}},"13":{"start":{"line":22,"column":42},"end":{"line":22,"column":75}},"14":{"start":{"line":24,"column":8},"end":{"line":24,"column":null}},"15":{"start":{"line":27,"column":8},"end":{"line":27,"column":27}},"16":{"start":{"line":31,"column":0},"end":{"line":41,"column":null}},"17":{"start":{"line":31,"column":74},"end":{"line":41,"column":2}},"18":{"start":{"line":32,"column":4},"end":{"line":40,"column":null}},"19":{"start":{"line":34,"column":45},"end":{"line":34,"column":78}},"20":{"start":{"line":36,"column":8},"end":{"line":36,"column":null}},"21":{"start":{"line":39,"column":8},"end":{"line":39,"column":27}},"22":{"start":{"line":43,"column":0},"end":{"line":60,"column":3}},"23":{"start":{"line":43,"column":63},"end":{"line":60,"column":2}},"24":{"start":{"line":44,"column":4},"end":{"line":44,"column":54}},"25":{"start":{"line":45,"column":4},"end":{"line":59,"column":null}},"26":{"start":{"line":46,"column":27},"end":{"line":49,"column":null}},"27":{"start":{"line":50,"column":8},"end":{"line":50,"column":26}},"28":{"start":{"line":51,"column":39},"end":{"line":51,"column":73}},"29":{"start":{"line":52,"column":8},"end":{"line":52,"column":28}},"30":{"start":{"line":53,"column":8},"end":{"line":53,"column":25}},"31":{"start":{"line":55,"column":33},"end":{"line":57,"column":null}},"32":{"start":{"line":58,"column":8},"end":{"line":58,"column":null}},"33":{"start":{"line":62,"column":0},"end":{"line":86,"column":null}},"34":{"start":{"line":62,"column":60},"end":{"line":86,"column":2}},"35":{"start":{"line":63,"column":4},"end":{"line":85,"column":null}},"36":{"start":{"line":64,"column":27},"end":{"line":67,"column":10}},"37":{"start":{"line":68,"column":22},"end":{"line":68,"column":53}},"38":{"start":{"line":69,"column":8},"end":{"line":79,"column":null}},"39":{"start":{"line":70,"column":12},"end":{"line":70,"column":31}},"40":{"start":{"line":71,"column":12},"end":{"line":71,"column":35}},"41":{"start":{"line":72,"column":31},"end":{"line":72,"column":62}},"42":{"start":{"line":73,"column":12},"end":{"line":73,"column":null}},"43":{"start":{"line":75,"column":37},"end":{"line":77,"column":null}},"44":{"start":{"line":78,"column":12},"end":{"line":78,"column":null}},"45":{"start":{"line":81,"column":33},"end":{"line":83,"column":10}},"46":{"start":{"line":84,"column":8},"end":{"line":84,"column":null}}},"fnMap":{"0":{"name":"(anonymous_8)","decl":{"start":{"line":16,"column":24},"end":{"line":16,"column":31}},"loc":{"start":{"line":16,"column":62},"end":{"line":29,"column":2}}},"1":{"name":"(anonymous_9)","decl":{"start":{"line":16,"column":62},"end":{"line":16,"column":null}},"loc":{"start":{"line":16,"column":62},"end":{"line":29,"column":1}}},"2":{"name":"(anonymous_10)","decl":{"start":{"line":31,"column":36},"end":{"line":31,"column":43}},"loc":{"start":{"line":31,"column":74},"end":{"line":41,"column":2}}},"3":{"name":"(anonymous_11)","decl":{"start":{"line":31,"column":74},"end":{"line":31,"column":null}},"loc":{"start":{"line":31,"column":74},"end":{"line":41,"column":1}}},"4":{"name":"(anonymous_12)","decl":{"start":{"line":43,"column":25},"end":{"line":43,"column":32}},"loc":{"start":{"line":43,"column":63},"end":{"line":60,"column":2}}},"5":{"name":"(anonymous_13)","decl":{"start":{"line":43,"column":63},"end":{"line":43,"column":null}},"loc":{"start":{"line":43,"column":63},"end":{"line":60,"column":1}}},"6":{"name":"(anonymous_14)","decl":{"start":{"line":62,"column":22},"end":{"line":62,"column":29}},"loc":{"start":{"line":62,"column":60},"end":{"line":86,"column":2}}},"7":{"name":"(anonymous_15)","decl":{"start":{"line":62,"column":60},"end":{"line":62,"column":null}},"loc":{"start":{"line":62,"column":60},"end":{"line":86,"column":1}}}},"branchMap":{"0":{"loc":{"start":{"line":69,"column":8},"end":{"line":79,"column":null}},"type":"if","locations":[{"start":{"line":69,"column":8},"end":{"line":79,"column":null}},{"start":{"line":74,"column":15},"end":{"line":79,"column":null}}]}},"s":{"0":3,"1":3,"2":3,"3":3,"4":3,"5":3,"6":3,"7":3,"8":3,"9":1,"10":1,"11":1,"12":1,"13":1,"14":1,"15":0,"16":3,"17":1,"18":1,"19":1,"20":1,"21":0,"22":3,"23":0,"24":0,"25":0,"26":0,"27":0,"28":0,"29":0,"30":0,"31":0,"32":0,"33":3,"34":2,"35":2,"36":2,"37":2,"38":2,"39":2,"40":2,"41":2,"42":2,"43":0,"44":0,"45":0,"46":0},"f":{"0":1,"1":1,"2":1,"3":1,"4":0,"5":0,"6":2,"7":2},"b":{"0":[2,0]}}
,"C:\\Users\\tomas\\programacion\\actividad7\\src\\videogames\\application\\videogames.usecases.ts": {"path":"C:\\Users\\tomas\\programacion\\actividad7\\src\\videogames\\application\\videogames.usecases.ts","statementMap":{"0":{"start":{"line":9,"column":8},"end":{"line":9,"column":57}},"1":{"start":{"line":13,"column":40},"end":{"line":13,"column":85}},"2":{"start":{"line":15,"column":8},"end":{"line":15,"column":26}},"3":{"start":{"line":19,"column":37},"end":{"line":19,"column":83}},"4":{"start":{"line":20,"column":8},"end":{"line":20,"column":25}},"5":{"start":{"line":24,"column":45},"end":{"line":24,"column":95}},"6":{"start":{"line":25,"column":8},"end":{"line":25,"column":33}},"7":{"start":{"line":30,"column":45},"end":{"line":30,"column":102}},"8":{"start":{"line":31,"column":8},"end":{"line":31,"column":33}},"9":{"start":{"line":35,"column":40},"end":{"line":35,"column":86}},"10":{"start":{"line":36,"column":8},"end":{"line":36,"column":26}},"11":{"start":{"line":5,"column":0},"end":{"line":5,"column":21}}},"fnMap":{"0":{"name":"(anonymous_7)","decl":{"start":{"line":8,"column":4},"end":{"line":8,"column":16}},"loc":{"start":{"line":8,"column":58},"end":{"line":10,"column":5}}},"1":{"name":"(anonymous_8)","decl":{"start":{"line":12,"column":10},"end":{"line":12,"column":21}},"loc":{"start":{"line":12,"column":21},"end":{"line":16,"column":null}}},"2":{"name":"(anonymous_10)","decl":{"start":{"line":18,"column":10},"end":{"line":18,"column":20}},"loc":{"start":{"line":18,"column":31},"end":{"line":21,"column":null}}},"3":{"name":"(anonymous_12)","decl":{"start":{"line":23,"column":10},"end":{"line":23,"column":17}},"loc":{"start":{"line":23,"column":38},"end":{"line":26,"column":null}}},"4":{"name":"(anonymous_14)","decl":{"start":{"line":29,"column":10},"end":{"line":29,"column":20}},"loc":{"start":{"line":29,"column":53},"end":{"line":32,"column":null}}},"5":{"name":"(anonymous_16)","decl":{"start":{"line":34,"column":10},"end":{"line":34,"column":20}},"loc":{"start":{"line":34,"column":31},"end":{"line":37,"column":null}}}},"branchMap":{},"s":{"0":3,"1":1,"2":1,"3":0,"4":0,"5":0,"6":0,"7":0,"8":0,"9":0,"10":0,"11":3},"f":{"0":3,"1":1,"2":0,"3":0,"4":0,"5":0},"b":{}}
,"C:\\Users\\tomas\\programacion\\actividad7\\src\\videogames\\infrastructure\\db\\videogames.repository.postgres.ts": {"path":"C:\\Users\\tomas\\programacion\\actividad7\\src\\videogames\\infrastructure\\db\\videogames.repository.postgres.ts","statementMap":{"0":{"start":{"line":1,"column":0},"end":{"line":1,"column":66}},"1":{"start":{"line":10,"column":36},"end":{"line":10,"column":82}},"2":{"start":{"line":12,"column":40},"end":{"line":12,"column":42}},"3":{"start":{"line":14,"column":8},"end":{"line":21,"column":null}},"4":{"start":{"line":15,"column":43},"end":{"line":19,"column":null}},"5":{"start":{"line":20,"column":12},"end":{"line":20,"column":null}},"6":{"start":{"line":22,"column":8},"end":{"line":22,"column":26}},"7":{"start":{"line":26,"column":35},"end":{"line":26,"column":97}},"8":{"start":{"line":27,"column":8},"end":{"line":34,"column":null}},"9":{"start":{"line":28,"column":41},"end":{"line":32,"column":null}},"10":{"start":{"line":33,"column":12},"end":{"line":33,"column":29}},"11":{"start":{"line":35,"column":8},"end":{"line":35,"column":47}},"12":{"start":{"line":39,"column":8},"end":{"line":39,"column":31}},"13":{"start":{"line":40,"column":26},"end":{"line":40,"column":146}},"14":{"start":{"line":41,"column":8},"end":{"line":47,"column":null}},"15":{"start":{"line":42,"column":49},"end":{"line":42,"column":80}},"16":{"start":{"line":44,"column":12},"end":{"line":44,"column":37}},"17":{"start":{"line":46,"column":12},"end":{"line":46,"column":null}},"18":{"start":{"line":48,"column":8},"end":{"line":48,"column":50}},"19":{"start":{"line":51,"column":8},"end":{"line":63,"column":null}},"20":{"start":{"line":52,"column":12},"end":{"line":52,"column":null}},"21":{"start":{"line":53,"column":12},"end":{"line":53,"column":null}},"22":{"start":{"line":54,"column":12},"end":{"line":54,"column":null}},"23":{"start":{"line":56,"column":12},"end":{"line":60,"column":null}},"24":{"start":{"line":62,"column":12},"end":{"line":62,"column":31}},"25":{"start":{"line":64,"column":8},"end":{"line":64,"column":52}},"26":{"start":{"line":67,"column":8},"end":{"line":73,"column":null}},"27":{"start":{"line":68,"column":12},"end":{"line":68,"column":null}},"28":{"start":{"line":70,"column":12},"end":{"line":70,"column":38}},"29":{"start":{"line":72,"column":12},"end":{"line":72,"column":31}},"30":{"start":{"line":74,"column":8},"end":{"line":74,"column":51}},"31":{"start":{"line":7,"column":0},"end":{"line":7,"column":21}}},"fnMap":{"0":{"name":"(anonymous_8)","decl":{"start":{"line":9,"column":10},"end":{"line":9,"column":21}},"loc":{"start":{"line":9,"column":21},"end":{"line":23,"column":null}}},"1":{"name":"(anonymous_10)","decl":{"start":{"line":25,"column":10},"end":{"line":25,"column":20}},"loc":{"start":{"line":25,"column":31},"end":{"line":37,"column":null}}},"2":{"name":"(anonymous_12)","decl":{"start":{"line":38,"column":10},"end":{"line":38,"column":17}},"loc":{"start":{"line":38,"column":38},"end":{"line":49,"column":null}}},"3":{"name":"(anonymous_14)","decl":{"start":{"line":50,"column":10},"end":{"line":50,"column":20}},"loc":{"start":{"line":50,"column":53},"end":{"line":65,"column":null}}},"4":{"name":"(anonymous_16)","decl":{"start":{"line":66,"column":10},"end":{"line":66,"column":20}},"loc":{"start":{"line":66,"column":31},"end":{"line":75,"column":null}}}},"branchMap":{"0":{"loc":{"start":{"line":27,"column":8},"end":{"line":34,"column":null}},"type":"if","locations":[{"start":{"line":27,"column":8},"end":{"line":34,"column":null}}]}},"s":{"0":3,"1":1,"2":1,"3":1,"4":7,"5":7,"6":1,"7":0,"8":0,"9":0,"10":0,"11":0,"12":0,"13":0,"14":0,"15":0,"16":0,"17":0,"18":0,"19":0,"20":0,"21":0,"22":0,"23":0,"24":0,"25":0,"26":0,"27":0,"28":0,"29":0,"30":0,"31":3},"f":{"0":1,"1":0,"2":0,"3":0,"4":0},"b":{"0":[0]}}
,"C:\\Users\\tomas\\programacion\\actividad7\\src\\videogames\\infrastructure\\rest\\videogames.router.ts": {"path":"C:\\Users\\tomas\\programacion\\actividad7\\src\\videogames\\infrastructure\\rest\\videogames.router.ts","statementMap":{"0":{"start":{"line":1,"column":0},"end":{"line":1,"column":52}},"1":{"start":{"line":2,"column":0},"end":{"line":2,"column":71}},"2":{"start":{"line":5,"column":0},"end":{"line":5,"column":80}},"3":{"start":{"line":6,"column":0},"end":{"line":6,"column":65}},"4":{"start":{"line":9,"column":15},"end":{"line":9,"column":31}},"5":{"start":{"line":73,"column":19},"end":{"line":73,"column":35}},"6":{"start":{"line":10,"column":51},"end":{"line":10,"column":85}},"7":{"start":{"line":11,"column":47},"end":{"line":11,"column":91}},"8":{"start":{"line":13,"column":0},"end":{"line":20,"column":null}},"9":{"start":{"line":13,"column":54},"end":{"line":20,"column":2}},"10":{"start":{"line":14,"column":4},"end":{"line":19,"column":null}},"11":{"start":{"line":15,"column":40},"end":{"line":15,"column":78}},"12":{"start":{"line":16,"column":8},"end":{"line":16,"column":null}},"13":{"start":{"line":18,"column":8},"end":{"line":18,"column":null}},"14":{"start":{"line":22,"column":0},"end":{"line":29,"column":null}},"15":{"start":{"line":22,"column":57},"end":{"line":29,"column":2}},"16":{"start":{"line":23,"column":4},"end":{"line":28,"column":null}},"17":{"start":{"line":24,"column":37},"end":{"line":24,"column":97}},"18":{"start":{"line":25,"column":8},"end":{"line":25,"column":null}},"19":{"start":{"line":27,"column":8},"end":{"line":27,"column":31}},"20":{"start":{"line":31,"column":0},"end":{"line":44,"column":null}},"21":{"start":{"line":31,"column":72},"end":{"line":44,"column":2}},"22":{"start":{"line":32,"column":4},"end":{"line":43,"column":null}},"23":{"start":{"line":34,"column":37},"end":{"line":37,"column":null}},"24":{"start":{"line":39,"column":40},"end":{"line":39,"column":83}},"25":{"start":{"line":40,"column":8},"end":{"line":40,"column":31}},"26":{"start":{"line":42,"column":8},"end":{"line":42,"column":29}},"27":{"start":{"line":46,"column":0},"end":{"line":59,"column":null}},"28":{"start":{"line":46,"column":74},"end":{"line":59,"column":2}},"29":{"start":{"line":47,"column":4},"end":{"line":58,"column":null}},"30":{"start":{"line":48,"column":37},"end":{"line":51,"column":null}},"31":{"start":{"line":52,"column":8},"end":{"line":52,"column":null}},"32":{"start":{"line":53,"column":8},"end":{"line":53,"column":35}},"33":{"start":{"line":54,"column":45},"end":{"line":54,"column":114}},"34":{"start":{"line":55,"column":8},"end":{"line":55,"column":36}},"35":{"start":{"line":57,"column":8},"end":{"line":57,"column":27}},"36":{"start":{"line":61,"column":0},"end":{"line":70,"column":null}},"37":{"start":{"line":61,"column":77},"end":{"line":70,"column":2}},"38":{"start":{"line":62,"column":4},"end":{"line":69,"column":null}},"39":{"start":{"line":64,"column":8},"end":{"line":64,"column":35}},"40":{"start":{"line":65,"column":40},"end":{"line":65,"column":98}},"41":{"start":{"line":66,"column":8},"end":{"line":66,"column":29}},"42":{"start":{"line":68,"column":8},"end":{"line":68,"column":27}}},"fnMap":{"0":{"name":"(anonymous_8)","decl":{"start":{"line":13,"column":16},"end":{"line":13,"column":23}},"loc":{"start":{"line":13,"column":54},"end":{"line":20,"column":2}}},"1":{"name":"(anonymous_9)","decl":{"start":{"line":13,"column":54},"end":{"line":13,"column":null}},"loc":{"start":{"line":13,"column":54},"end":{"line":20,"column":1}}},"2":{"name":"(anonymous_10)","decl":{"start":{"line":22,"column":19},"end":{"line":22,"column":26}},"loc":{"start":{"line":22,"column":57},"end":{"line":29,"column":2}}},"3":{"name":"(anonymous_11)","decl":{"start":{"line":22,"column":57},"end":{"line":22,"column":null}},"loc":{"start":{"line":22,"column":57},"end":{"line":29,"column":1}}},"4":{"name":"(anonymous_12)","decl":{"start":{"line":31,"column":34},"end":{"line":31,"column":41}},"loc":{"start":{"line":31,"column":72},"end":{"line":44,"column":2}}},"5":{"name":"(anonymous_13)","decl":{"start":{"line":31,"column":72},"end":{"line":31,"column":null}},"loc":{"start":{"line":31,"column":72},"end":{"line":44,"column":1}}},"6":{"name":"(anonymous_14)","decl":{"start":{"line":46,"column":36},"end":{"line":46,"column":43}},"loc":{"start":{"line":46,"column":74},"end":{"line":59,"column":2}}},"7":{"name":"(anonymous_15)","decl":{"start":{"line":46,"column":74},"end":{"line":46,"column":null}},"loc":{"start":{"line":46,"column":74},"end":{"line":59,"column":1}}},"8":{"name":"(anonymous_16)","decl":{"start":{"line":61,"column":39},"end":{"line":61,"column":46}},"loc":{"start":{"line":61,"column":77},"end":{"line":70,"column":2}}},"9":{"name":"(anonymous_17)","decl":{"start":{"line":61,"column":77},"end":{"line":61,"column":null}},"loc":{"start":{"line":61,"column":77},"end":{"line":70,"column":1}}}},"branchMap":{},"s":{"0":3,"1":3,"2":3,"3":3,"4":3,"5":3,"6":3,"7":3,"8":3,"9":1,"10":1,"11":1,"12":1,"13":0,"14":3,"15":0,"16":0,"17":0,"18":0,"19":0,"20":3,"21":0,"22":0,"23":0,"24":0,"25":0,"26":0,"27":3,"28":0,"29":0,"30":0,"31":0,"32":0,"33":0,"34":0,"35":0,"36":3,"37":0,"38":0,"39":0,"40":0,"41":0,"42":0},"f":{"0":1,"1":1,"2":0,"3":0,"4":0,"5":0,"6":0,"7":0,"8":0,"9":0},"b":{}}
}
