TN:
SF:src\app.ts
FN:22,(anonymous_1)
FNF:1
FNH:1
FNDA:1,(anonymous_1)
DA:2,3
DA:3,3
DA:7,3
DA:9,3
DA:11,3
DA:14,3
DA:15,3
DA:16,3
DA:17,3
DA:18,3
DA:19,3
DA:20,3
DA:21,3
DA:22,3
DA:23,1
DA:27,3
LF:16
LH:16
BRF:0
BRH:0
end_of_record
TN:
SF:src\cart\application\cart.usecases.ts
FN:13,(anonymous_7)
FN:18,(anonymous_8)
FN:39,(anonymous_10)
FN:50,(anonymous_12)
FN:60,(anonymous_14)
FNF:5
FNH:1
FNDA:3,(anonymous_7)
FNDA:0,(anonymous_8)
FNDA:0,(anonymous_10)
FNDA:0,(anonymous_12)
FNDA:0,(anonymous_14)
DA:9,3
DA:14,3
DA:15,3
DA:19,0
DA:20,0
DA:21,0
DA:23,0
DA:24,0
DA:25,0
DA:31,0
DA:33,0
DA:37,0
DA:40,0
DA:41,0
DA:44,0
DA:46,0
DA:52,0
DA:53,0
DA:55,0
DA:57,0
DA:61,0
DA:62,0
DA:64,0
LF:23
LH:3
BRF:0
BRH:0
end_of_record
TN:
SF:src\cart\infrastructure\db\cart.repository.postgres.ts
FN:8,(anonymous_8)
FN:31,(anonymous_10)
FN:43,(anonymous_12)
FN:54,(anonymous_14)
FNF:4
FNH:0
FNDA:0,(anonymous_8)
FNDA:0,(anonymous_10)
FNDA:0,(anonymous_12)
FNDA:0,(anonymous_14)
DA:3,3
DA:6,3
DA:9,0
DA:10,0
DA:11,0
DA:13,0
DA:14,0
DA:21,0
DA:24,0
DA:26,0
DA:27,0
DA:28,0
DA:32,0
DA:33,0
DA:34,0
DA:36,0
DA:38,0
DA:40,0
DA:44,0
DA:45,0
DA:46,0
DA:47,0
DA:49,0
DA:51,0
DA:55,0
DA:56,0
DA:58,0
DA:59,0
DA:61,0
LF:29
LH:2
BRF:0
BRH:0
end_of_record
TN:
SF:src\cart\infrastructure\rest\cart.router.ts
FN:20,(anonymous_8)
FN:20,(anonymous_9)
FN:35,(anonymous_10)
FN:35,(anonymous_11)
FN:53,(anonymous_12)
FN:53,(anonymous_13)
FN:66,(anonymous_14)
FN:66,(anonymous_15)
FNF:8
FNH:0
FNDA:0,(anonymous_8)
FNDA:0,(anonymous_9)
FNDA:0,(anonymous_10)
FNDA:0,(anonymous_11)
FNDA:0,(anonymous_12)
FNDA:0,(anonymous_13)
FNDA:0,(anonymous_14)
FNDA:0,(anonymous_15)
DA:2,3
DA:3,3
DA:5,3
DA:6,3
DA:10,3
DA:14,3
DA:16,3
DA:17,3
DA:18,3
DA:20,3
DA:22,0
DA:24,0
DA:26,0
DA:28,0
DA:31,0
DA:35,3
DA:36,0
DA:38,0
DA:39,0
DA:40,0
DA:42,0
DA:44,0
DA:46,0
DA:49,0
DA:53,3
DA:54,0
DA:55,0
DA:56,0
DA:58,0
DA:60,0
DA:62,0
DA:66,3
DA:68,0
DA:69,0
DA:71,0
DA:73,0
DA:75,0
DA:79,3
LF:38
LH:14
BRF:0
BRH:0
end_of_record
TN:
SF:src\context\db\postgres.connector.ts
FN:17,(anonymous_8)
FN:17,(anonymous_9)
FNF:2
FNH:2
FNDA:5,(anonymous_8)
FNDA:5,(anonymous_9)
DA:1,3
DA:2,3
DA:3,3
DA:5,3
DA:6,3
DA:7,3
DA:8,3
DA:10,3
DA:17,5
DA:18,5
DA:19,5
DA:20,5
DA:21,5
DA:24,3
LF:14
LH:14
BRF:0
BRH:0
end_of_record
TN:
SF:src\context\security\auth.ts
FN:8,(anonymous_1)
FN:20,(anonymous_2)
FN:38,(anonymous_3)
FNF:3
FNH:3
FNDA:2,(anonymous_1)
FNDA:2,(anonymous_2)
FNDA:1,(anonymous_3)
DA:3,3
DA:6,3
DA:8,3
DA:9,2
DA:17,2
DA:20,3
DA:21,2
DA:22,2
DA:23,2
DA:24,2
DA:25,2
DA:26,2
DA:27,2
DA:30,0
DA:31,0
DA:34,0
DA:38,3
DA:39,1
DA:40,1
DA:41,1
DA:44,0
DA:48,3
LF:22
LH:18
BRDA:23,0,0,2
BRDA:23,0,1,2
BRDA:24,1,0,2
BRDA:40,2,0,1
BRDA:40,3,0,1
BRDA:40,3,1,1
BRF:6
BRH:6
end_of_record
TN:
SF:src\context\security\encrypter.ts
FN:4,(anonymous_1)
FN:8,(anonymous_2)
FNF:2
FNH:1
FNDA:0,(anonymous_1)
FNDA:2,(anonymous_2)
DA:1,3
DA:2,3
DA:4,3
DA:5,0
DA:8,3
DA:9,2
DA:12,3
LF:7
LH:6
BRF:0
BRH:0
end_of_record
TN:
SF:src\orders\application\orders.usecases.ts
FN:16,(anonymous_7)
FN:22,(anonymous_8)
FN:57,(anonymous_10)
FN:87,(anonymous_12)
FN:92,(anonymous_14)
FNF:5
FNH:1
FNDA:3,(anonymous_7)
FNDA:0,(anonymous_8)
FNDA:0,(anonymous_10)
FNDA:0,(anonymous_12)
FNDA:0,(anonymous_14)
DA:11,3
DA:17,3
DA:18,3
DA:19,3
DA:23,0
DA:24,0
DA:25,0
DA:28,0
DA:30,0
DA:31,0
DA:32,0
DA:33,0
DA:40,0
DA:41,0
DA:45,0
DA:49,0
DA:50,0
DA:52,0
DA:54,0
DA:58,0
DA:60,0
DA:61,0
DA:63,0
DA:64,0
DA:65,0
DA:71,0
DA:72,0
DA:76,0
DA:82,0
DA:84,0
DA:88,0
DA:89,0
DA:90,0
DA:93,0
DA:97,0
DA:99,0
DA:102,0
DA:104,0
LF:38
LH:4
BRDA:40,0,0,0
BRDA:63,1,0,0
BRDA:71,2,0,0
BRDA:93,3,0,0
BRDA:93,3,1,0
BRDA:93,4,0,0
BRDA:93,4,1,0
BRF:7
BRH:0
end_of_record
TN:
SF:src\orders\infrastructure\db\orders.repository.postgres.ts
FN:8,(anonymous_8)
FN:36,(anonymous_10)
FN:60,(anonymous_12)
FN:66,(anonymous_14)
FN:66,(anonymous_15)
FNF:5
FNH:0
FNDA:0,(anonymous_8)
FNDA:0,(anonymous_10)
FNDA:0,(anonymous_12)
FNDA:0,(anonymous_14)
FNDA:0,(anonymous_15)
DA:4,3
DA:7,3
DA:9,0
DA:10,0
DA:11,0
DA:13,0
DA:15,0
DA:16,0
DA:17,0
DA:18,0
DA:24,0
DA:28,0
DA:32,0
DA:34,0
DA:38,0
DA:39,0
DA:40,0
DA:41,0
DA:42,0
DA:48,0
DA:53,0
DA:55,0
DA:57,0
DA:62,0
DA:63,0
DA:64,0
DA:65,0
DA:66,0
DA:68,0
DA:71,0
DA:73,0
LF:31
LH:2
BRF:0
BRH:0
end_of_record
TN:
SF:src\orders\infrastructure\rest\orders.router.ts
FN:22,(anonymous_8)
FN:22,(anonymous_9)
FN:31,(anonymous_10)
FN:31,(anonymous_11)
FN:40,(anonymous_12)
FN:40,(anonymous_13)
FNF:6
FNH:0
FNDA:0,(anonymous_8)
FNDA:0,(anonymous_9)
FNDA:0,(anonymous_10)
FNDA:0,(anonymous_11)
FNDA:0,(anonymous_12)
FNDA:0,(anonymous_13)
DA:1,3
DA:3,3
DA:5,3
DA:7,3
DA:8,3
DA:9,3
DA:14,3
DA:15,3
DA:16,3
DA:18,3
DA:20,3
DA:22,3
DA:23,0
DA:24,0
DA:25,0
DA:27,0
DA:31,3
DA:32,0
DA:33,0
DA:34,0
DA:36,0
DA:40,3
DA:41,0
DA:42,0
DA:43,0
DA:44,0
DA:46,0
DA:50,3
LF:28
LH:15
BRF:0
BRH:0
end_of_record
TN:
SF:src\users\application\users.usecases.ts
FN:10,(anonymous_7)
FN:14,(anonymous_8)
FN:23,(anonymous_10)
FN:27,(anonymous_11)
FN:31,(anonymous_12)
FN:35,(anonymous_13)
FNF:6
FNH:5
FNDA:3,(anonymous_7)
FNDA:1,(anonymous_8)
FNDA:1,(anonymous_10)
FNDA:0,(anonymous_11)
FNDA:2,(anonymous_12)
FNDA:2,(anonymous_13)
DA:2,3
DA:7,3
DA:11,3
DA:15,1
DA:16,1
DA:17,1
DA:19,0
DA:24,1
DA:28,0
DA:32,2
DA:36,2
DA:42,2
LF:12
LH:10
BRDA:15,0,0,1
BRF:1
BRH:1
end_of_record
TN:
SF:src\users\infrastructure\db\users.repository.postgres.ts
FN:10,(anonymous_8)
FN:21,(anonymous_10)
FN:25,(anonymous_12)
FN:37,(anonymous_13)
FN:56,(anonymous_15)
FNF:5
FNH:4
FNDA:1,(anonymous_8)
FNDA:1,(anonymous_10)
FNDA:2,(anonymous_12)
FNDA:0,(anonymous_13)
FNDA:2,(anonymous_15)
DA:5,3
DA:6,3
DA:9,3
DA:11,1
DA:13,1
DA:19,1
DA:22,1
DA:23,1
DA:25,1
DA:26,2
DA:34,1
DA:38,0
DA:39,0
DA:40,0
DA:42,0
DA:45,0
DA:47,0
DA:51,0
DA:54,0
DA:57,2
DA:58,2
DA:59,2
DA:60,2
DA:61,2
DA:66,2
DA:69,0
LF:26
LH:17
BRDA:38,0,0,0
BRDA:38,1,0,0
BRDA:38,1,1,0
BRDA:57,2,0,2
BRDA:57,3,0,2
BRDA:57,3,1,2
BRDA:60,4,0,2
BRDA:60,5,0,2
BRDA:60,5,1,2
BRF:9
BRH:6
end_of_record
TN:
SF:src\users\infrastructure\rest\users.router.ts
FN:16,(anonymous_8)
FN:16,(anonymous_9)
FN:31,(anonymous_10)
FN:31,(anonymous_11)
FN:43,(anonymous_12)
FN:43,(anonymous_13)
FN:62,(anonymous_14)
FN:62,(anonymous_15)
FNF:8
FNH:6
FNDA:1,(anonymous_8)
FNDA:1,(anonymous_9)
FNDA:1,(anonymous_10)
FNDA:1,(anonymous_11)
FNDA:0,(anonymous_12)
FNDA:0,(anonymous_13)
FNDA:2,(anonymous_14)
FNDA:2,(anonymous_15)
DA:1,3
DA:2,3
DA:4,3
DA:6,3
DA:11,3
DA:13,3
DA:14,3
DA:16,3
DA:17,1
DA:19,1
DA:20,1
DA:22,1
DA:24,1
DA:27,0
DA:31,3
DA:32,1
DA:34,1
DA:36,1
DA:39,0
DA:43,3
DA:44,0
DA:45,0
DA:46,0
DA:50,0
DA:51,0
DA:52,0
DA:53,0
DA:55,0
DA:58,0
DA:62,3
DA:63,2
DA:64,2
DA:68,2
DA:69,2
DA:70,2
DA:71,2
DA:72,2
DA:73,2
DA:75,0
DA:78,0
DA:81,0
DA:84,0
DA:89,3
LF:43
LH:28
BRDA:69,0,0,2
BRDA:69,0,1,0
BRF:2
BRH:1
end_of_record
TN:
SF:src\videogames\application\videogames.usecases.ts
FN:8,(anonymous_7)
FN:12,(anonymous_8)
FN:18,(anonymous_10)
FN:23,(anonymous_12)
FN:29,(anonymous_14)
FN:34,(anonymous_16)
FNF:6
FNH:2
FNDA:3,(anonymous_7)
FNDA:1,(anonymous_8)
FNDA:0,(anonymous_10)
FNDA:0,(anonymous_12)
FNDA:0,(anonymous_14)
FNDA:0,(anonymous_16)
DA:5,3
DA:9,3
DA:13,1
DA:15,1
DA:19,0
DA:20,0
DA:24,0
DA:25,0
DA:30,0
DA:31,0
DA:35,0
DA:36,0
LF:12
LH:4
BRF:0
BRH:0
end_of_record
TN:
SF:src\videogames\infrastructure\db\videogames.repository.postgres.ts
FN:9,(anonymous_8)
FN:25,(anonymous_10)
FN:38,(anonymous_12)
FN:50,(anonymous_14)
FN:66,(anonymous_16)
FNF:5
FNH:1
FNDA:1,(anonymous_8)
FNDA:0,(anonymous_10)
FNDA:0,(anonymous_12)
FNDA:0,(anonymous_14)
FNDA:0,(anonymous_16)
DA:1,3
DA:7,3
DA:10,1
DA:12,1
DA:14,1
DA:15,7
DA:20,7
DA:22,1
DA:26,0
DA:27,0
DA:28,0
DA:33,0
DA:35,0
DA:39,0
DA:40,0
DA:41,0
DA:42,0
DA:44,0
DA:46,0
DA:48,0
DA:51,0
DA:52,0
DA:53,0
DA:54,0
DA:56,0
DA:62,0
DA:64,0
DA:67,0
DA:68,0
DA:70,0
DA:72,0
DA:74,0
LF:32
LH:8
BRDA:27,0,0,0
BRF:1
BRH:0
end_of_record
TN:
SF:src\videogames\infrastructure\rest\videogames.router.ts
FN:13,(anonymous_8)
FN:13,(anonymous_9)
FN:22,(anonymous_10)
FN:22,(anonymous_11)
FN:31,(anonymous_12)
FN:31,(anonymous_13)
FN:46,(anonymous_14)
FN:46,(anonymous_15)
FN:61,(anonymous_16)
FN:61,(anonymous_17)
FNF:10
FNH:2
FNDA:1,(anonymous_8)
FNDA:1,(anonymous_9)
FNDA:0,(anonymous_10)
FNDA:0,(anonymous_11)
FNDA:0,(anonymous_12)
FNDA:0,(anonymous_13)
FNDA:0,(anonymous_14)
FNDA:0,(anonymous_15)
FNDA:0,(anonymous_16)
FNDA:0,(anonymous_17)
DA:1,3
DA:2,3
DA:5,3
DA:6,3
DA:9,3
DA:10,3
DA:11,3
DA:13,3
DA:14,1
DA:15,1
DA:16,1
DA:18,0
DA:22,3
DA:23,0
DA:24,0
DA:25,0
DA:27,0
DA:31,3
DA:32,0
DA:34,0
DA:39,0
DA:40,0
DA:42,0
DA:46,3
DA:47,0
DA:48,0
DA:52,0
DA:53,0
DA:54,0
DA:55,0
DA:57,0
DA:61,3
DA:62,0
DA:64,0
DA:65,0
DA:66,0
DA:68,0
DA:73,3
LF:38
LH:16
BRF:0
BRH:0
end_of_record
